<?xml version='1.1' encoding='UTF-8'?>
<result plugin="junit@1144.v909f4d9978e8">
  <suites>
    <suite>
      <file>/root/.jenkins/workspace/testjob/target/surefire-reports/TEST-com.cloudbots.www.AppTest.xml</file>
      <name>com.cloudbots.www.AppTest</name>
      <duration>0.091</duration>
      <time>0.091</time>
      <enclosingBlocks/>
      <enclosingBlockNames/>
      <cases>
        <case>
          <duration>0.011</duration>
          <className>com.cloudbots.www.AppTest</className>
          <testName>shouldAnswerWithTrue</testName>
          <skipped>false</skipped>
          <failedSince>0</failedSince>
        </case>
      </cases>
    </suite>
  </suites>
  <duration>0.091</duration>
  <skipOldReports>true</skipOldReports>
  <keepLongStdio>false</keepLongStdio>
</result>